<?xml version="1.0" encoding="UTF-8"?>
<coverage generated="1633543271899" clover="3.2.0">
  <project timestamp="1633543271899" name="All files">
    <metrics statements="8" coveredstatements="8" conditionals="4" coveredconditionals="4" methods="2" coveredmethods="2" elements="14" coveredelements="14" complexity="0" loc="8" ncloc="8" packages="1" files="1" classes="1"/>
    <file name="sql.js" path="/Users/keldo/Documents/rithmSchool/lessonAssignments/express-jobly/helpers/sql.js">
      <metrics statements="8" coveredstatements="8" conditionals="4" coveredconditionals="4" methods="2" coveredmethods="2"/>
      <line num="1" count="1" type="stmt"/>
      <line num="11" count="3" type="stmt"/>
      <line num="12" count="3" type="cond" truecount="2" falsecount="0"/>
      <line num="15" count="2" type="stmt"/>
      <line num="16" count="5" type="cond" truecount="2" falsecount="0"/>
      <line num="18" count="2" type="stmt"/>
      <line num="19" count="2" type="stmt"/>
      <line num="25" count="1" type="stmt"/>
    </file>
  </project>
</coverage>
