<?xml version="1.0" encoding="UTF-8"?>
<coverage generated="1633561591499" clover="3.2.0">
  <project timestamp="1633561591499" name="All files">
    <metrics statements="121" coveredstatements="86" conditionals="18" coveredconditionals="9" methods="23" coveredmethods="12" elements="162" coveredelements="107" complexity="0" loc="121" ncloc="121" packages="1" files="4" classes="4"/>
    <file name="_testCommon.js" path="/Users/davisrao/Desktop/rithm_projects/Express/express-jobly/routes/_testCommon.js">
      <metrics statements="18" coveredstatements="18" conditionals="0" coveredconditionals="0" methods="4" coveredmethods="4"/>
      <line num="3" count="1" type="stmt"/>
      <line num="4" count="1" type="stmt"/>
      <line num="5" count="1" type="stmt"/>
      <line num="6" count="1" type="stmt"/>
      <line num="10" count="1" type="stmt"/>
      <line num="12" count="1" type="stmt"/>
      <line num="14" count="1" type="stmt"/>
      <line num="22" count="1" type="stmt"/>
      <line num="30" count="1" type="stmt"/>
      <line num="39" count="1" type="stmt"/>
      <line num="47" count="1" type="stmt"/>
      <line num="55" count="1" type="stmt"/>
      <line num="66" count="18" type="stmt"/>
      <line num="70" count="18" type="stmt"/>
      <line num="74" count="1" type="stmt"/>
      <line num="78" count="1" type="stmt"/>
      <line num="79" count="1" type="stmt"/>
      <line num="83" count="1" type="stmt"/>
    </file>
    <file name="auth.js" path="/Users/davisrao/Desktop/rithm_projects/Express/express-jobly/routes/auth.js">
      <metrics statements="26" coveredstatements="11" conditionals="4" coveredconditionals="0" methods="4" coveredmethods="0"/>
      <line num="5" count="1" type="stmt"/>
      <line num="7" count="1" type="stmt"/>
      <line num="8" count="1" type="stmt"/>
      <line num="9" count="1" type="stmt"/>
      <line num="10" count="1" type="stmt"/>
      <line num="11" count="1" type="stmt"/>
      <line num="12" count="1" type="stmt"/>
      <line num="13" count="1" type="stmt"/>
      <line num="22" count="1" type="stmt"/>
      <line num="23" count="0" type="stmt"/>
      <line num="24" count="0" type="cond" truecount="0" falsecount="2"/>
      <line num="25" count="0" type="stmt"/>
      <line num="26" count="0" type="stmt"/>
      <line num="29" count="0" type="stmt"/>
      <line num="30" count="0" type="stmt"/>
      <line num="31" count="0" type="stmt"/>
      <line num="32" count="0" type="stmt"/>
      <line num="45" count="1" type="stmt"/>
      <line num="46" count="0" type="stmt"/>
      <line num="47" count="0" type="cond" truecount="0" falsecount="2"/>
      <line num="48" count="0" type="stmt"/>
      <line num="49" count="0" type="stmt"/>
      <line num="52" count="0" type="stmt"/>
      <line num="53" count="0" type="stmt"/>
      <line num="54" count="0" type="stmt"/>
      <line num="58" count="1" type="stmt"/>
    </file>
    <file name="companies.js" path="/Users/davisrao/Desktop/rithm_projects/Express/express-jobly/routes/companies.js">
      <metrics statements="43" coveredstatements="42" conditionals="10" coveredconditionals="9" methods="8" coveredmethods="8"/>
      <line num="5" count="1" type="stmt"/>
      <line num="6" count="1" type="stmt"/>
      <line num="8" count="1" type="stmt"/>
      <line num="9" count="1" type="stmt"/>
      <line num="10" count="1" type="stmt"/>
      <line num="12" count="1" type="stmt"/>
      <line num="13" count="1" type="stmt"/>
      <line num="14" count="1" type="stmt"/>
      <line num="18" count="1" type="stmt"/>
      <line num="30" count="1" type="stmt"/>
      <line num="31" count="3" type="stmt"/>
      <line num="32" count="3" type="cond" truecount="2" falsecount="0"/>
      <line num="33" count="3" type="stmt"/>
      <line num="34" count="2" type="stmt"/>
      <line num="37" count="1" type="stmt"/>
      <line num="38" count="1" type="stmt"/>
      <line num="52" count="1" type="stmt"/>
      <line num="53" count="4" type="stmt"/>
      <line num="55" count="4" type="cond" truecount="2" falsecount="0"/>
      <line num="56" count="1" type="stmt"/>
      <line num="59" count="4" type="cond" truecount="1" falsecount="1"/>
      <line num="60" count="0" type="stmt"/>
      <line num="63" count="4" type="stmt"/>
      <line num="64" count="4" type="cond" truecount="2" falsecount="0"/>
      <line num="65" count="1" type="stmt"/>
      <line num="66" count="1" type="stmt"/>
      <line num="69" count="3" type="stmt"/>
      <line num="70" count="2" type="stmt"/>
      <line num="81" count="1" type="stmt"/>
      <line num="82" count="3" type="stmt"/>
      <line num="83" count="2" type="stmt"/>
      <line num="97" count="1" type="stmt"/>
      <line num="98" count="4" type="stmt"/>
      <line num="99" count="4" type="cond" truecount="2" falsecount="0"/>
      <line num="100" count="2" type="stmt"/>
      <line num="101" count="2" type="stmt"/>
      <line num="104" count="2" type="stmt"/>
      <line num="105" count="1" type="stmt"/>
      <line num="113" count="1" type="stmt"/>
      <line num="114" count="2" type="stmt"/>
      <line num="115" count="2" type="stmt"/>
      <line num="116" count="1" type="stmt"/>
      <line num="120" count="1" type="stmt"/>
    </file>
    <file name="users.js" path="/Users/davisrao/Desktop/rithm_projects/Express/express-jobly/routes/users.js">
      <metrics statements="34" coveredstatements="15" conditionals="4" coveredconditionals="0" methods="7" coveredmethods="0"/>
      <line num="5" count="1" type="stmt"/>
      <line num="7" count="1" type="stmt"/>
      <line num="8" count="1" type="stmt"/>
      <line num="9" count="1" type="stmt"/>
      <line num="10" count="1" type="stmt"/>
      <line num="11" count="1" type="stmt"/>
      <line num="12" count="1" type="stmt"/>
      <line num="13" count="1" type="stmt"/>
      <line num="15" count="1" type="stmt"/>
      <line num="30" count="1" type="stmt"/>
      <line num="31" count="0" type="stmt"/>
      <line num="32" count="0" type="cond" truecount="0" falsecount="2"/>
      <line num="33" count="0" type="stmt"/>
      <line num="34" count="0" type="stmt"/>
      <line num="37" count="0" type="stmt"/>
      <line num="38" count="0" type="stmt"/>
      <line num="39" count="0" type="stmt"/>
      <line num="50" count="1" type="stmt"/>
      <line num="51" count="0" type="stmt"/>
      <line num="52" count="0" type="stmt"/>
      <line num="63" count="1" type="stmt"/>
      <line num="64" count="0" type="stmt"/>
      <line num="65" count="0" type="stmt"/>
      <line num="79" count="1" type="stmt"/>
      <line num="80" count="0" type="stmt"/>
      <line num="81" count="0" type="cond" truecount="0" falsecount="2"/>
      <line num="82" count="0" type="stmt"/>
      <line num="83" count="0" type="stmt"/>
      <line num="86" count="0" type="stmt"/>
      <line num="87" count="0" type="stmt"/>
      <line num="96" count="1" type="stmt"/>
      <line num="97" count="0" type="stmt"/>
      <line num="98" count="0" type="stmt"/>
      <line num="102" count="1" type="stmt"/>
    </file>
  </project>
</coverage>
