{"/Users/keldo/Documents/rithmSchool/lessonAssignments/express-jobly/helpers/sql.js": {"path":"/Users/keldo/Documents/rithmSchool/lessonAssignments/express-jobly/helpers/sql.js","statementMap":{"0":{"start":{"line":1,"column":28},"end":{"line":1,"column":54}},"1":{"start":{"line":11,"column":15},"end":{"line":11,"column":40}},"2":{"start":{"line":12,"column":2},"end":{"line":12,"column":62}},"3":{"start":{"line":12,"column":25},"end":{"line":12,"column":62}},"4":{"start":{"line":15,"column":15},"end":{"line":17,"column":3}},"5":{"start":{"line":16,"column":6},"end":{"line":16,"column":52}},"6":{"start":{"line":18,"column":2},"end":{"line":18,"column":33}},"7":{"start":{"line":19,"column":2},"end":{"line":22,"column":4}},"8":{"start":{"line":25,"column":0},"end":{"line":25,"column":41}}},"fnMap":{"0":{"name":"sqlForPartialUpdate","decl":{"start":{"line":10,"column":9},"end":{"line":10,"column":28}},"loc":{"start":{"line":10,"column":52},"end":{"line":23,"column":1}},"line":10},"1":{"name":"(anonymous_1)","decl":{"start":{"line":15,"column":24},"end":{"line":15,"column":25}},"loc":{"start":{"line":16,"column":6},"end":{"line":16,"column":52}},"line":16}},"branchMap":{"0":{"loc":{"start":{"line":12,"column":2},"end":{"line":12,"column":62}},"type":"if","locations":[{"start":{"line":12,"column":2},"end":{"line":12,"column":62}},{"start":{"line":12,"column":2},"end":{"line":12,"column":62}}],"line":12},"1":{"loc":{"start":{"line":16,"column":10},"end":{"line":16,"column":37}},"type":"binary-expr","locations":[{"start":{"line":16,"column":10},"end":{"line":16,"column":26}},{"start":{"line":16,"column":30},"end":{"line":16,"column":37}}],"line":16}},"s":{"0":1,"1":3,"2":3,"3":1,"4":2,"5":5,"6":2,"7":2,"8":1},"f":{"0":3,"1":5},"b":{"0":[1,2],"1":[5,3]},"_coverageSchema":"1a1c01bbd47fc00a2c39e90264f33305004495a9","hash":"40e21ac9426a0e744197bd2fc2ab572876600b18"}
}
