{"/Users/davisrao/Desktop/rithm_projects/Express/express-jobly/config.js": {"path":"/Users/davisrao/Desktop/rithm_projects/Express/express-jobly/config.js","statementMap":{"0":{"start":{"line":5,"column":0},"end":{"line":5,"column":27}},"1":{"start":{"line":6,"column":0},"end":{"line":6,"column":18}},"2":{"start":{"line":8,"column":19},"end":{"line":8,"column":57}},"3":{"start":{"line":10,"column":13},"end":{"line":10,"column":38}},"4":{"start":{"line":14,"column":2},"end":{"line":16,"column":44}},"5":{"start":{"line":22,"column":27},"end":{"line":22,"column":67}},"6":{"start":{"line":24,"column":0},"end":{"line":24,"column":35}},"7":{"start":{"line":25,"column":0},"end":{"line":25,"column":46}},"8":{"start":{"line":26,"column":0},"end":{"line":26,"column":45}},"9":{"start":{"line":27,"column":0},"end":{"line":27,"column":61}},"10":{"start":{"line":28,"column":0},"end":{"line":28,"column":50}},"11":{"start":{"line":29,"column":0},"end":{"line":29,"column":19}},"12":{"start":{"line":31,"column":0},"end":{"line":36,"column":2}}},"fnMap":{"0":{"name":"getDatabaseUri","decl":{"start":{"line":13,"column":9},"end":{"line":13,"column":23}},"loc":{"start":{"line":13,"column":26},"end":{"line":17,"column":1}},"line":13}},"branchMap":{"0":{"loc":{"start":{"line":8,"column":19},"end":{"line":8,"column":57}},"type":"binary-expr","locations":[{"start":{"line":8,"column":19},"end":{"line":8,"column":41}},{"start":{"line":8,"column":45},"end":{"line":8,"column":57}}],"line":8},"1":{"loc":{"start":{"line":10,"column":13},"end":{"line":10,"column":38}},"type":"binary-expr","locations":[{"start":{"line":10,"column":13},"end":{"line":10,"column":30}},{"start":{"line":10,"column":34},"end":{"line":10,"column":38}}],"line":10},"2":{"loc":{"start":{"line":14,"column":9},"end":{"line":16,"column":43}},"type":"cond-expr","locations":[{"start":{"line":15,"column":8},"end":{"line":15,"column":20}},{"start":{"line":16,"column":8},"end":{"line":16,"column":43}}],"line":14},"3":{"loc":{"start":{"line":16,"column":8},"end":{"line":16,"column":43}},"type":"binary-expr","locations":[{"start":{"line":16,"column":8},"end":{"line":16,"column":32}},{"start":{"line":16,"column":36},"end":{"line":16,"column":43}}],"line":16},"4":{"loc":{"start":{"line":22,"column":27},"end":{"line":22,"column":67}},"type":"cond-expr","locations":[{"start":{"line":22,"column":61},"end":{"line":22,"column":62}},{"start":{"line":22,"column":65},"end":{"line":22,"column":67}}],"line":22}},"s":{"0":1,"1":1,"2":1,"3":1,"4":2,"5":1,"6":1,"7":1,"8":1,"9":1,"10":1,"11":1,"12":1},"f":{"0":2},"b":{"0":[1,1],"1":[1,1],"2":[2,0],"3":[0,0],"4":[1,0]},"_coverageSchema":"1a1c01bbd47fc00a2c39e90264f33305004495a9","hash":"8a6e4496a93387ad11f0f35364527c18c63636f4"}
,"/Users/davisrao/Desktop/rithm_projects/Express/express-jobly/db.js": {"path":"/Users/davisrao/Desktop/rithm_projects/Express/express-jobly/db.js","statementMap":{"0":{"start":{"line":5,"column":19},"end":{"line":5,"column":32}},"1":{"start":{"line":6,"column":27},"end":{"line":6,"column":46}},"2":{"start":{"line":8,"column":11},"end":{"line":10,"column":2}},"3":{"start":{"line":12,"column":0},"end":{"line":12,"column":13}},"4":{"start":{"line":14,"column":0},"end":{"line":14,"column":20}}},"fnMap":{},"branchMap":{},"s":{"0":1,"1":1,"2":1,"3":1,"4":1},"f":{},"b":{},"_coverageSchema":"1a1c01bbd47fc00a2c39e90264f33305004495a9","hash":"1ad40bb5f9d46e182b260b2b8f30eeb5430e326a"}
,"/Users/davisrao/Desktop/rithm_projects/Express/express-jobly/expressError.js": {"path":"/Users/davisrao/Desktop/rithm_projects/Express/express-jobly/expressError.js","statementMap":{"0":{"start":{"line":9,"column":4},"end":{"line":9,"column":12}},"1":{"start":{"line":10,"column":4},"end":{"line":10,"column":27}},"2":{"start":{"line":11,"column":4},"end":{"line":11,"column":25}},"3":{"start":{"line":19,"column":4},"end":{"line":19,"column":24}},"4":{"start":{"line":27,"column":4},"end":{"line":27,"column":24}},"5":{"start":{"line":35,"column":4},"end":{"line":35,"column":24}},"6":{"start":{"line":43,"column":4},"end":{"line":43,"column":24}},"7":{"start":{"line":47,"column":0},"end":{"line":53,"column":2}}},"fnMap":{"0":{"name":"(anonymous_0)","decl":{"start":{"line":8,"column":2},"end":{"line":8,"column":3}},"loc":{"start":{"line":8,"column":31},"end":{"line":12,"column":3}},"line":8},"1":{"name":"(anonymous_1)","decl":{"start":{"line":18,"column":2},"end":{"line":18,"column":3}},"loc":{"start":{"line":18,"column":37},"end":{"line":20,"column":3}},"line":18},"2":{"name":"(anonymous_2)","decl":{"start":{"line":26,"column":2},"end":{"line":26,"column":3}},"loc":{"start":{"line":26,"column":40},"end":{"line":28,"column":3}},"line":26},"3":{"name":"(anonymous_3)","decl":{"start":{"line":34,"column":2},"end":{"line":34,"column":3}},"loc":{"start":{"line":34,"column":39},"end":{"line":36,"column":3}},"line":34},"4":{"name":"(anonymous_4)","decl":{"start":{"line":42,"column":2},"end":{"line":42,"column":3}},"loc":{"start":{"line":42,"column":39},"end":{"line":44,"column":3}},"line":42}},"branchMap":{"0":{"loc":{"start":{"line":18,"column":14},"end":{"line":18,"column":35}},"type":"default-arg","locations":[{"start":{"line":18,"column":24},"end":{"line":18,"column":35}}],"line":18},"1":{"loc":{"start":{"line":26,"column":14},"end":{"line":26,"column":38}},"type":"default-arg","locations":[{"start":{"line":26,"column":24},"end":{"line":26,"column":38}}],"line":26},"2":{"loc":{"start":{"line":34,"column":14},"end":{"line":34,"column":37}},"type":"default-arg","locations":[{"start":{"line":34,"column":24},"end":{"line":34,"column":37}}],"line":34},"3":{"loc":{"start":{"line":42,"column":14},"end":{"line":42,"column":37}},"type":"default-arg","locations":[{"start":{"line":42,"column":24},"end":{"line":42,"column":37}}],"line":42}},"s":{"0":6,"1":6,"2":6,"3":3,"4":0,"5":3,"6":0,"7":1},"f":{"0":6,"1":3,"2":0,"3":3,"4":0},"b":{"0":[0],"1":[0],"2":[0],"3":[0]},"_coverageSchema":"1a1c01bbd47fc00a2c39e90264f33305004495a9","hash":"753aa898da7c66daf477f71ea5c14c3d29e512b5"}
,"/Users/davisrao/Desktop/rithm_projects/Express/express-jobly/helpers/sql.js": {"path":"/Users/davisrao/Desktop/rithm_projects/Express/express-jobly/helpers/sql.js","statementMap":{"0":{"start":{"line":1,"column":28},"end":{"line":1,"column":54}},"1":{"start":{"line":11,"column":15},"end":{"line":11,"column":40}},"2":{"start":{"line":12,"column":2},"end":{"line":12,"column":62}},"3":{"start":{"line":12,"column":25},"end":{"line":12,"column":62}},"4":{"start":{"line":15,"column":15},"end":{"line":17,"column":3}},"5":{"start":{"line":16,"column":4},"end":{"line":16,"column":50}},"6":{"start":{"line":18,"column":2},"end":{"line":18,"column":33}},"7":{"start":{"line":19,"column":2},"end":{"line":22,"column":4}},"8":{"start":{"line":37,"column":15},"end":{"line":37,"column":40}},"9":{"start":{"line":39,"column":2},"end":{"line":44,"column":3}},"10":{"start":{"line":40,"column":4},"end":{"line":43,"column":6}},"11":{"start":{"line":46,"column":2},"end":{"line":48,"column":3}},"12":{"start":{"line":47,"column":4},"end":{"line":47,"column":73}},"13":{"start":{"line":52,"column":20},"end":{"line":56,"column":3}},"14":{"start":{"line":59,"column":15},"end":{"line":61,"column":3}},"15":{"start":{"line":60,"column":4},"end":{"line":60,"column":70}},"16":{"start":{"line":62,"column":2},"end":{"line":62,"column":33}},"17":{"start":{"line":63,"column":2},"end":{"line":66,"column":4}},"18":{"start":{"line":69,"column":0},"end":{"line":69,"column":58}}},"fnMap":{"0":{"name":"sqlForPartialUpdate","decl":{"start":{"line":10,"column":9},"end":{"line":10,"column":28}},"loc":{"start":{"line":10,"column":52},"end":{"line":23,"column":1}},"line":10},"1":{"name":"(anonymous_1)","decl":{"start":{"line":15,"column":24},"end":{"line":15,"column":25}},"loc":{"start":{"line":16,"column":4},"end":{"line":16,"column":50}},"line":16},"2":{"name":"sqlForFiltering","decl":{"start":{"line":36,"column":9},"end":{"line":36,"column":24}},"loc":{"start":{"line":36,"column":48},"end":{"line":67,"column":1}},"line":36},"3":{"name":"(anonymous_3)","decl":{"start":{"line":59,"column":24},"end":{"line":59,"column":25}},"loc":{"start":{"line":60,"column":4},"end":{"line":60,"column":70}},"line":60}},"branchMap":{"0":{"loc":{"start":{"line":12,"column":2},"end":{"line":12,"column":62}},"type":"if","locations":[{"start":{"line":12,"column":2},"end":{"line":12,"column":62}},{"start":{"line":12,"column":2},"end":{"line":12,"column":62}}],"line":12},"1":{"loc":{"start":{"line":16,"column":8},"end":{"line":16,"column":35}},"type":"binary-expr","locations":[{"start":{"line":16,"column":8},"end":{"line":16,"column":24}},{"start":{"line":16,"column":28},"end":{"line":16,"column":35}}],"line":16},"2":{"loc":{"start":{"line":39,"column":2},"end":{"line":44,"column":3}},"type":"if","locations":[{"start":{"line":39,"column":2},"end":{"line":44,"column":3}},{"start":{"line":39,"column":2},"end":{"line":44,"column":3}}],"line":39},"3":{"loc":{"start":{"line":46,"column":2},"end":{"line":48,"column":3}},"type":"if","locations":[{"start":{"line":46,"column":2},"end":{"line":48,"column":3}},{"start":{"line":46,"column":2},"end":{"line":48,"column":3}}],"line":46},"4":{"loc":{"start":{"line":60,"column":8},"end":{"line":60,"column":35}},"type":"binary-expr","locations":[{"start":{"line":60,"column":8},"end":{"line":60,"column":24}},{"start":{"line":60,"column":28},"end":{"line":60,"column":35}}],"line":60}},"s":{"0":1,"1":4,"2":4,"3":1,"4":3,"5":12,"6":3,"7":3,"8":6,"9":6,"10":1,"11":5,"12":1,"13":4,"14":4,"15":5,"16":4,"17":4,"18":1},"f":{"0":4,"1":12,"2":6,"3":5},"b":{"0":[1,3],"1":[12,6],"2":[1,5],"3":[1,4],"4":[5,2]},"_coverageSchema":"1a1c01bbd47fc00a2c39e90264f33305004495a9","hash":"55cb7b5df6ce8dfecdb4a02b3fdd41452334f826"}
,"/Users/davisrao/Desktop/rithm_projects/Express/express-jobly/models/_testCommon.js": {"path":"/Users/davisrao/Desktop/rithm_projects/Express/express-jobly/models/_testCommon.js","statementMap":{"0":{"start":{"line":1,"column":15},"end":{"line":1,"column":32}},"1":{"start":{"line":3,"column":11},"end":{"line":3,"column":30}},"2":{"start":{"line":4,"column":31},"end":{"line":4,"column":51}},"3":{"start":{"line":8,"column":2},"end":{"line":8,"column":42}},"4":{"start":{"line":10,"column":2},"end":{"line":10,"column":38}},"5":{"start":{"line":12,"column":2},"end":{"line":16,"column":55}},"6":{"start":{"line":18,"column":2},"end":{"line":30,"column":9}},"7":{"start":{"line":34,"column":2},"end":{"line":34,"column":26}},"8":{"start":{"line":38,"column":2},"end":{"line":38,"column":29}},"9":{"start":{"line":42,"column":2},"end":{"line":42,"column":17}},"10":{"start":{"line":46,"column":0},"end":{"line":51,"column":2}}},"fnMap":{"0":{"name":"commonBeforeAll","decl":{"start":{"line":6,"column":15},"end":{"line":6,"column":30}},"loc":{"start":{"line":6,"column":33},"end":{"line":31,"column":1}},"line":6},"1":{"name":"commonBeforeEach","decl":{"start":{"line":33,"column":15},"end":{"line":33,"column":31}},"loc":{"start":{"line":33,"column":34},"end":{"line":35,"column":1}},"line":33},"2":{"name":"commonAfterEach","decl":{"start":{"line":37,"column":15},"end":{"line":37,"column":30}},"loc":{"start":{"line":37,"column":33},"end":{"line":39,"column":1}},"line":37},"3":{"name":"commonAfterAll","decl":{"start":{"line":41,"column":15},"end":{"line":41,"column":29}},"loc":{"start":{"line":41,"column":32},"end":{"line":43,"column":1}},"line":41}},"branchMap":{},"s":{"0":1,"1":1,"2":1,"3":1,"4":1,"5":1,"6":1,"7":16,"8":16,"9":1,"10":1},"f":{"0":1,"1":16,"2":16,"3":1},"b":{},"_coverageSchema":"1a1c01bbd47fc00a2c39e90264f33305004495a9","hash":"a75ad3220c6817f8e645baf8b8d13998b52c076b"}
,"/Users/davisrao/Desktop/rithm_projects/Express/express-jobly/models/company.js": {"path":"/Users/davisrao/Desktop/rithm_projects/Express/express-jobly/models/company.js","statementMap":{"0":{"start":{"line":3,"column":11},"end":{"line":3,"column":27}},"1":{"start":{"line":4,"column":43},"end":{"line":4,"column":69}},"2":{"start":{"line":5,"column":49},"end":{"line":5,"column":74}},"3":{"start":{"line":20,"column":27},"end":{"line":24,"column":15}},"4":{"start":{"line":26,"column":4},"end":{"line":27,"column":64}},"5":{"start":{"line":27,"column":6},"end":{"line":27,"column":64}},"6":{"start":{"line":29,"column":19},"end":{"line":46,"column":5}},"7":{"start":{"line":47,"column":20},"end":{"line":47,"column":34}},"8":{"start":{"line":49,"column":4},"end":{"line":49,"column":19}},"9":{"start":{"line":63,"column":32},"end":{"line":68,"column":8}},"10":{"start":{"line":69,"column":4},"end":{"line":69,"column":51}},"11":{"start":{"line":71,"column":6},"end":{"line":78,"column":22}},"12":{"start":{"line":79,"column":6},"end":{"line":79,"column":28}},"13":{"start":{"line":80,"column":25},"end":{"line":80,"column":57}},"14":{"start":{"line":82,"column":4},"end":{"line":82,"column":29}},"15":{"start":{"line":96,"column":23},"end":{"line":104,"column":15}},"16":{"start":{"line":106,"column":20},"end":{"line":106,"column":38}},"17":{"start":{"line":108,"column":4},"end":{"line":108,"column":67}},"18":{"start":{"line":108,"column":18},"end":{"line":108,"column":67}},"19":{"start":{"line":110,"column":4},"end":{"line":110,"column":19}},"20":{"start":{"line":126,"column":32},"end":{"line":131,"column":8}},"21":{"start":{"line":132,"column":25},"end":{"line":132,"column":50}},"22":{"start":{"line":134,"column":21},"end":{"line":138,"column":100}},"23":{"start":{"line":139,"column":19},"end":{"line":139,"column":64}},"24":{"start":{"line":140,"column":20},"end":{"line":140,"column":34}},"25":{"start":{"line":142,"column":4},"end":{"line":142,"column":67}},"26":{"start":{"line":142,"column":18},"end":{"line":142,"column":67}},"27":{"start":{"line":144,"column":4},"end":{"line":144,"column":19}},"28":{"start":{"line":153,"column":19},"end":{"line":158,"column":15}},"29":{"start":{"line":159,"column":20},"end":{"line":159,"column":34}},"30":{"start":{"line":161,"column":4},"end":{"line":161,"column":67}},"31":{"start":{"line":161,"column":18},"end":{"line":161,"column":67}},"32":{"start":{"line":166,"column":0},"end":{"line":166,"column":25}}},"fnMap":{"0":{"name":"(anonymous_0)","decl":{"start":{"line":19,"column":2},"end":{"line":19,"column":3}},"loc":{"start":{"line":19,"column":76},"end":{"line":50,"column":3}},"line":19},"1":{"name":"(anonymous_1)","decl":{"start":{"line":57,"column":2},"end":{"line":57,"column":3}},"loc":{"start":{"line":57,"column":32},"end":{"line":83,"column":3}},"line":57},"2":{"name":"(anonymous_2)","decl":{"start":{"line":95,"column":2},"end":{"line":95,"column":3}},"loc":{"start":{"line":95,"column":27},"end":{"line":111,"column":3}},"line":95},"3":{"name":"(anonymous_3)","decl":{"start":{"line":125,"column":2},"end":{"line":125,"column":3}},"loc":{"start":{"line":125,"column":36},"end":{"line":145,"column":3}},"line":125},"4":{"name":"(anonymous_4)","decl":{"start":{"line":152,"column":2},"end":{"line":152,"column":3}},"loc":{"start":{"line":152,"column":30},"end":{"line":162,"column":3}},"line":152}},"branchMap":{"0":{"loc":{"start":{"line":26,"column":4},"end":{"line":27,"column":64}},"type":"if","locations":[{"start":{"line":26,"column":4},"end":{"line":27,"column":64}},{"start":{"line":26,"column":4},"end":{"line":27,"column":64}}],"line":26},"1":{"loc":{"start":{"line":108,"column":4},"end":{"line":108,"column":67}},"type":"if","locations":[{"start":{"line":108,"column":4},"end":{"line":108,"column":67}},{"start":{"line":108,"column":4},"end":{"line":108,"column":67}}],"line":108},"2":{"loc":{"start":{"line":142,"column":4},"end":{"line":142,"column":67}},"type":"if","locations":[{"start":{"line":142,"column":4},"end":{"line":142,"column":67}},{"start":{"line":142,"column":4},"end":{"line":142,"column":67}}],"line":142},"3":{"loc":{"start":{"line":161,"column":4},"end":{"line":161,"column":67}},"type":"if","locations":[{"start":{"line":161,"column":4},"end":{"line":161,"column":67}},{"start":{"line":161,"column":4},"end":{"line":161,"column":67}}],"line":161}},"s":{"0":1,"1":1,"2":1,"3":3,"4":3,"5":1,"6":2,"7":2,"8":2,"9":6,"10":5,"11":5,"12":5,"13":5,"14":0,"15":2,"16":2,"17":2,"18":1,"19":1,"20":4,"21":3,"22":3,"23":3,"24":3,"25":3,"26":1,"27":2,"28":2,"29":2,"30":2,"31":1,"32":1},"f":{"0":3,"1":6,"2":2,"3":4,"4":2},"b":{"0":[1,2],"1":[1,1],"2":[1,2],"3":[1,1]},"_coverageSchema":"1a1c01bbd47fc00a2c39e90264f33305004495a9","hash":"14d95ed908b8bc3883ef51c3b4edbb689ea60a40"}
}
