TN:
SF:config.js
FN:13,getDatabaseUri
FNF:1
FNH:1
FNDA:2,getDatabaseUri
DA:5,1
DA:6,1
DA:8,1
DA:10,1
DA:14,2
DA:22,1
DA:24,1
DA:25,1
DA:26,1
DA:27,1
DA:28,1
DA:29,1
DA:31,1
LF:13
LH:13
BRDA:8,0,0,1
BRDA:8,0,1,1
BRDA:10,1,0,1
BRDA:10,1,1,1
BRDA:14,2,0,2
BRDA:14,2,1,0
BRDA:16,3,0,0
BRDA:16,3,1,0
BRDA:22,4,0,1
BRDA:22,4,1,0
BRF:10
BRH:6
end_of_record
TN:
SF:db.js
FNF:0
FNH:0
DA:5,1
DA:6,1
DA:8,1
DA:12,1
DA:14,1
LF:5
LH:5
BRF:0
BRH:0
end_of_record
TN:
SF:expressError.js
FN:8,(anonymous_0)
FN:18,(anonymous_1)
FN:26,(anonymous_2)
FN:34,(anonymous_3)
FN:42,(anonymous_4)
FNF:5
FNH:3
FNDA:6,(anonymous_0)
FNDA:3,(anonymous_1)
FNDA:0,(anonymous_2)
FNDA:3,(anonymous_3)
FNDA:0,(anonymous_4)
DA:9,6
DA:10,6
DA:11,6
DA:19,3
DA:27,0
DA:35,3
DA:43,0
DA:47,1
LF:8
LH:6
BRDA:18,0,0,0
BRDA:26,1,0,0
BRDA:34,2,0,0
BRDA:42,3,0,0
BRF:4
BRH:0
end_of_record
TN:
SF:helpers/sql.js
FN:10,sqlForPartialUpdate
FN:15,(anonymous_1)
FN:36,sqlForFiltering
FN:59,(anonymous_3)
FNF:4
FNH:4
FNDA:4,sqlForPartialUpdate
FNDA:12,(anonymous_1)
FNDA:6,sqlForFiltering
FNDA:5,(anonymous_3)
DA:1,1
DA:11,4
DA:12,4
DA:15,3
DA:16,12
DA:18,3
DA:19,3
DA:37,6
DA:39,6
DA:40,1
DA:46,5
DA:47,1
DA:52,4
DA:59,4
DA:60,5
DA:62,4
DA:63,4
DA:69,1
LF:18
LH:18
BRDA:12,0,0,1
BRDA:12,0,1,3
BRDA:16,1,0,12
BRDA:16,1,1,6
BRDA:39,2,0,1
BRDA:39,2,1,5
BRDA:46,3,0,1
BRDA:46,3,1,4
BRDA:60,4,0,5
BRDA:60,4,1,2
BRF:10
BRH:10
end_of_record
TN:
SF:models/_testCommon.js
FN:6,commonBeforeAll
FN:33,commonBeforeEach
FN:37,commonAfterEach
FN:41,commonAfterAll
FNF:4
FNH:4
FNDA:1,commonBeforeAll
FNDA:16,commonBeforeEach
FNDA:16,commonAfterEach
FNDA:1,commonAfterAll
DA:1,1
DA:3,1
DA:4,1
DA:8,1
DA:10,1
DA:12,1
DA:18,1
DA:34,16
DA:38,16
DA:42,1
DA:46,1
LF:11
LH:11
BRF:0
BRH:0
end_of_record
TN:
SF:models/company.js
FN:19,(anonymous_0)
FN:57,(anonymous_1)
FN:95,(anonymous_2)
FN:125,(anonymous_3)
FN:152,(anonymous_4)
FNF:5
FNH:5
FNDA:3,(anonymous_0)
FNDA:6,(anonymous_1)
FNDA:2,(anonymous_2)
FNDA:4,(anonymous_3)
FNDA:2,(anonymous_4)
DA:3,1
DA:4,1
DA:5,1
DA:20,3
DA:26,3
DA:27,1
DA:29,2
DA:47,2
DA:49,2
DA:63,6
DA:69,5
DA:71,5
DA:79,5
DA:80,5
DA:82,0
DA:96,2
DA:106,2
DA:108,2
DA:110,1
DA:126,4
DA:132,3
DA:134,3
DA:139,3
DA:140,3
DA:142,3
DA:144,2
DA:153,2
DA:159,2
DA:161,2
DA:166,1
LF:30
LH:29
BRDA:26,0,0,1
BRDA:26,0,1,2
BRDA:108,1,0,1
BRDA:108,1,1,1
BRDA:142,2,0,1
BRDA:142,2,1,2
BRDA:161,3,0,1
BRDA:161,3,1,1
BRF:8
BRH:8
end_of_record
