TN:
SF:app.js
FN:30,(anonymous_0)
FN:35,(anonymous_1)
FNF:2
FNH:2
FNDA:2,(anonymous_0)
FNDA:40,(anonymous_1)
DA:5,4
DA:6,4
DA:8,4
DA:10,4
DA:11,4
DA:12,4
DA:13,4
DA:15,4
DA:17,4
DA:19,4
DA:20,4
DA:21,4
DA:22,4
DA:24,4
DA:25,4
DA:26,4
DA:30,4
DA:31,2
DA:35,4
DA:36,40
DA:37,40
DA:38,40
DA:40,40
DA:45,4
LF:24
LH:24
BRDA:36,0,0,1
BRDA:36,0,1,39
BRDA:37,1,0,40
BRDA:37,1,1,2
BRF:4
BRH:4
end_of_record
TN:
SF:config.js
FN:13,getDatabaseUri
FNF:1
FNH:1
FNDA:19,getDatabaseUri
DA:5,9
DA:6,9
DA:8,9
DA:10,9
DA:14,19
DA:22,9
DA:24,9
DA:25,9
DA:26,9
DA:27,9
DA:28,9
DA:29,9
DA:31,9
LF:13
LH:13
BRDA:8,0,0,9
BRDA:8,0,1,8
BRDA:10,1,0,9
BRDA:10,1,1,8
BRDA:14,2,0,16
BRDA:14,2,1,3
BRDA:16,3,0,3
BRDA:16,3,1,1
BRDA:22,4,0,8
BRDA:22,4,1,1
BRF:10
BRH:10
end_of_record
TN:
SF:db.js
FNF:0
FNH:0
DA:5,7
DA:6,7
DA:8,7
DA:12,7
DA:14,7
LF:5
LH:5
BRF:0
BRH:0
end_of_record
TN:
SF:expressError.js
FN:8,(anonymous_0)
FN:18,(anonymous_1)
FN:26,(anonymous_2)
FN:34,(anonymous_3)
FN:42,(anonymous_4)
FNF:5
FNH:4
FNDA:56,(anonymous_0)
FNDA:11,(anonymous_1)
FNDA:26,(anonymous_2)
FNDA:19,(anonymous_3)
FNDA:0,(anonymous_4)
DA:9,56
DA:10,56
DA:11,56
DA:19,11
DA:27,26
DA:35,19
DA:43,0
DA:47,8
LF:8
LH:7
BRDA:18,0,0,2
BRDA:26,1,0,9
BRDA:34,2,0,0
BRDA:42,3,0,0
BRF:4
BRH:2
end_of_record
TN:
SF:helpers/sql.js
FN:13,sqlForPartialUpdate
FN:18,(anonymous_1)
FNF:2
FNH:2
FNDA:16,sqlForPartialUpdate
FNDA:28,(anonymous_1)
DA:1,8
DA:14,16
DA:15,16
DA:18,13
DA:19,28
DA:22,13
DA:29,8
LF:7
LH:7
BRDA:15,0,0,3
BRDA:15,0,1,13
BRDA:19,1,0,28
BRDA:19,1,1,14
BRF:4
BRH:4
end_of_record
TN:
SF:helpers/tokens.js
FN:6,createToken
FNF:1
FNH:1
FNDA:13,createToken
DA:1,5
DA:2,5
DA:7,13
DA:10,13
DA:15,13
DA:18,5
LF:6
LH:6
BRDA:12,0,0,13
BRDA:12,0,1,8
BRF:2
BRH:2
end_of_record
TN:
SF:middleware/auth.js
FN:19,authenticateJWT
FN:37,ensureLoggedIn
FN:51,ensureIsAdmin
FN:74,ensureParamsUser
FNF:4
FNH:4
FNDA:62,authenticateJWT
FNDA:20,ensureLoggedIn
FNDA:24,ensureIsAdmin
FNDA:19,ensureParamsUser
DA:5,5
DA:6,5
DA:7,5
DA:8,5
DA:20,62
DA:21,62
DA:22,62
DA:23,38
DA:24,38
DA:26,61
DA:28,1
DA:38,20
DA:39,20
DA:40,16
DA:42,4
DA:53,24
DA:54,24
DA:56,20
DA:58,15
DA:61,9
DA:76,19
DA:77,19
DA:78,19
DA:79,18
DA:81,10
DA:84,9
DA:93,5
LF:27
LH:27
BRDA:21,0,0,62
BRDA:21,0,1,61
BRDA:22,1,0,38
BRDA:22,1,1,24
BRDA:39,2,0,4
BRDA:39,2,1,16
BRDA:54,3,0,4
BRDA:54,3,1,20
BRDA:56,4,0,5
BRDA:56,4,1,15
BRDA:78,5,0,1
BRDA:78,5,1,18
BRDA:79,6,0,8
BRDA:79,6,1,10
BRDA:79,7,0,18
BRDA:79,7,1,14
BRF:16
BRH:16
end_of_record
TN:
SF:models/_testCommon.js
FN:6,commonBeforeAll
FN:36,commonBeforeEach
FN:40,commonAfterEach
FN:44,commonAfterAll
FNF:4
FNH:4
FNDA:2,commonBeforeAll
FNDA:33,commonBeforeEach
FNDA:33,commonAfterEach
FNDA:2,commonAfterAll
DA:1,2
DA:3,2
DA:4,2
DA:8,2
DA:10,2
DA:12,2
DA:18,2
DA:37,33
DA:41,33
DA:45,2
DA:49,2
LF:11
LH:11
BRF:0
BRH:0
end_of_record
TN:
SF:models/company.js
FN:20,(anonymous_0)
FN:58,(anonymous_1)
FN:108,(anonymous_2)
FN:137,(anonymous_3)
FN:167,(anonymous_4)
FN:197,(anonymous_5)
FN:224,(anonymous_6)
FNF:7
FNH:7
FNDA:13,(anonymous_0)
FNDA:11,(anonymous_1)
FNDA:11,(anonymous_2)
FNDA:9,(anonymous_3)
FNDA:5,(anonymous_4)
FNDA:6,(anonymous_5)
FNDA:4,(anonymous_6)
DA:3,5
DA:4,5
DA:5,5
DA:6,5
DA:21,13
DA:29,13
DA:30,1
DA:31,12
DA:48,12
DA:50,12
DA:63,11
DA:71,9
DA:72,3
DA:79,3
DA:82,6
DA:92,6
DA:94,8
DA:110,11
DA:111,11
DA:112,4
DA:115,11
DA:122,11
DA:123,3
DA:129,8
DA:130,1
DA:137,7
DA:139,9
DA:140,1
DA:143,8
DA:146,6
DA:168,5
DA:178,5
DA:180,5
DA:182,3
DA:198,6
DA:204,5
DA:206,5
DA:211,5
DA:212,5
DA:214,5
DA:216,3
DA:225,4
DA:231,4
DA:232,4
DA:233,4
DA:238,5
LF:46
LH:46
BRDA:29,0,0,1
BRDA:29,0,1,12
BRDA:71,1,0,3
BRDA:71,1,1,6
BRDA:111,2,0,4
BRDA:111,2,1,7
BRDA:122,3,0,3
BRDA:122,3,1,8
BRDA:129,4,0,1
BRDA:129,4,1,7
BRDA:139,5,0,1
BRDA:139,5,1,8
BRDA:143,6,0,8
BRDA:143,6,1,4
BRDA:180,7,0,2
BRDA:180,7,1,3
BRDA:214,8,0,2
BRDA:214,8,1,3
BRDA:233,9,0,2
BRDA:233,9,1,2
BRF:20
BRH:20
end_of_record
TN:
SF:models/user.js
FN:24,(anonymous_0)
FN:59,(anonymous_1)
FN:104,(anonymous_2)
FN:126,(anonymous_3)
FN:162,(anonymous_4)
FN:195,(anonymous_5)
FNF:6
FNH:6
FNDA:7,(anonymous_0)
FNDA:16,(anonymous_1)
FNDA:3,(anonymous_2)
FNDA:4,(anonymous_3)
FNDA:7,(anonymous_4)
FNDA:4,(anonymous_5)
DA:3,6
DA:4,6
DA:5,6
DA:10,6
DA:12,6
DA:26,7
DA:38,7
DA:40,7
DA:42,4
DA:43,4
DA:44,3
DA:45,3
DA:49,4
DA:61,16
DA:68,16
DA:69,1
DA:72,15
DA:74,15
DA:94,15
DA:96,15
DA:105,3
DA:115,2
DA:127,4
DA:138,4
DA:140,4
DA:142,3
DA:163,7
DA:164,2
DA:167,7
DA:174,6
DA:176,6
DA:184,6
DA:185,6
DA:187,6
DA:189,5
DA:190,5
DA:196,4
DA:203,4
DA:205,4
DA:210,6
LF:40
LH:40
BRDA:40,0,0,4
BRDA:40,0,1,3
BRDA:43,1,0,3
BRDA:43,1,1,1
BRDA:68,2,0,1
BRDA:68,2,1,15
BRDA:140,3,0,1
BRDA:140,3,1,3
BRDA:163,4,0,2
BRDA:163,4,1,5
BRDA:187,5,0,1
BRDA:187,5,1,5
BRDA:205,6,0,1
BRDA:205,6,1,3
BRF:14
BRH:14
end_of_record
TN:
SF:routes/_testCommon.js
FN:8,commonBeforeAll
FN:65,commonBeforeEach
FN:69,commonAfterEach
FN:73,commonAfterAll
FNF:4
FNH:4
FNDA:3,commonBeforeAll
FNDA:57,commonBeforeEach
FNDA:57,commonAfterEach
FNDA:3,commonAfterAll
DA:3,3
DA:4,3
DA:5,3
DA:6,3
DA:10,3
DA:12,3
DA:14,3
DA:22,3
DA:30,3
DA:39,3
DA:47,3
DA:55,3
DA:66,57
DA:70,57
DA:74,3
DA:78,3
DA:79,3
DA:83,3
LF:18
LH:18
BRF:0
BRH:0
end_of_record
TN:
SF:routes/auth.js
FN:22,(anonymous_0)
FN:25,(anonymous_1)
FN:45,(anonymous_2)
FN:48,(anonymous_3)
FNF:4
FNH:4
FNDA:5,(anonymous_0)
FNDA:2,(anonymous_1)
FNDA:3,(anonymous_2)
FNDA:5,(anonymous_3)
DA:5,4
DA:7,4
DA:8,4
DA:9,4
DA:10,4
DA:11,4
DA:12,4
DA:13,4
DA:22,4
DA:23,5
DA:24,5
DA:25,2
DA:26,2
DA:29,3
DA:30,3
DA:31,1
DA:32,1
DA:45,4
DA:46,3
DA:47,3
DA:48,5
DA:49,2
DA:52,1
DA:53,1
DA:54,1
DA:58,4
LF:26
LH:26
BRDA:24,0,0,2
BRDA:24,0,1,3
BRDA:47,1,0,2
BRDA:47,1,1,1
BRF:4
BRH:4
end_of_record
TN:
SF:routes/companies.js
FN:30,(anonymous_0)
FN:33,(anonymous_1)
FN:52,(anonymous_2)
FN:65,(anonymous_3)
FN:81,(anonymous_4)
FN:97,(anonymous_5)
FN:100,(anonymous_6)
FN:113,(anonymous_7)
FNF:8
FNH:8
FNDA:3,(anonymous_0)
FNDA:3,(anonymous_1)
FNDA:4,(anonymous_2)
FNDA:1,(anonymous_3)
FNDA:3,(anonymous_4)
FNDA:4,(anonymous_5)
FNDA:2,(anonymous_6)
FNDA:2,(anonymous_7)
DA:5,4
DA:6,4
DA:8,4
DA:9,4
DA:10,4
DA:12,4
DA:13,4
DA:14,4
DA:18,4
DA:30,4
DA:31,3
DA:32,3
DA:33,3
DA:34,2
DA:37,1
DA:38,1
DA:52,4
DA:53,4
DA:55,4
DA:56,1
DA:59,4
DA:60,0
DA:63,4
DA:64,4
DA:65,1
DA:66,1
DA:69,3
DA:70,2
DA:81,4
DA:82,3
DA:83,2
DA:97,4
DA:98,4
DA:99,4
DA:100,2
DA:101,2
DA:104,2
DA:105,1
DA:113,4
DA:115,2
DA:116,1
DA:120,4
LF:42
LH:41
BRDA:32,0,0,2
BRDA:32,0,1,1
BRDA:55,1,0,1
BRDA:55,1,1,3
BRDA:59,2,0,0
BRDA:59,2,1,4
BRDA:64,3,0,1
BRDA:64,3,1,3
BRDA:99,4,0,2
BRDA:99,4,1,2
BRF:10
BRH:9
end_of_record
TN:
SF:routes/users.js
FN:30,(anonymous_0)
FN:33,(anonymous_1)
FN:50,(anonymous_2)
FN:63,(anonymous_3)
FN:79,(anonymous_4)
FN:82,(anonymous_5)
FN:96,(anonymous_6)
FNF:7
FNH:7
FNDA:4,(anonymous_0)
FNDA:5,(anonymous_1)
FNDA:2,(anonymous_2)
FNDA:2,(anonymous_3)
FNDA:4,(anonymous_4)
FNDA:1,(anonymous_5)
FNDA:2,(anonymous_6)
DA:5,4
DA:7,4
DA:8,4
DA:9,4
DA:10,4
DA:11,4
DA:12,4
DA:13,4
DA:15,4
DA:30,4
DA:31,4
DA:32,4
DA:33,5
DA:34,2
DA:37,2
DA:38,2
DA:39,2
DA:50,4
DA:51,2
DA:52,1
DA:63,4
DA:64,2
DA:65,2
DA:79,4
DA:80,4
DA:81,4
DA:82,1
DA:83,1
DA:86,3
DA:87,3
DA:96,4
DA:97,2
DA:98,2
DA:102,4
LF:34
LH:34
BRDA:32,0,0,2
BRDA:32,0,1,2
BRDA:81,1,0,1
BRDA:81,1,1,3
BRF:4
BRH:4
end_of_record
